array(1) {
  ["Query"]=>
  array(2) {
    ["type"]=>
    string(6) "object"
    ["config"]=>
    array(2) {
      ["description"]=>
      string(10) "Root Query"
      ["fields"]=>
      array(10) {
        ["user_me"]=>
        array(2) {
          ["type"]=>
          string(4) "User"
          ["resolve"]=>
          string(30) "@=resolver('user_resolver_me')"
        }
        ["user_logout"]=>
        array(2) {
          ["type"]=>
          string(4) "User"
          ["resolve"]=>
          string(34) "@=resolver('user_resolver_logout')"
        }
        ["user"]=>
        array(3) {
          ["type"]=>
          string(5) "User!"
          ["args"]=>
          array(1) {
            ["id"]=>
            array(2) {
              ["type"]=>
              string(3) "Int"
              ["description"]=>
              string(18) "The id of the User"
            }
          }
          ["resolve"]=>
          string(45) "@=resolver('user_resolver_get', [args['id']])"
        }
        ["users"]=>
        array(2) {
          ["type"]=>
          string(8) "[User!]!"
          ["resolve"]=>
          string(35) "@=resolver('user_resolver_get_all')"
        }
        ["projects_user_logged"]=>
        array(2) {
          ["type"]=>
          string(10) "[Project]!"
          ["resolve"]=>
          string(34) "@=resolver('projects_user_logged')"
        }
        ["project_user"]=>
        array(3) {
          ["type"]=>
          string(7) "Project"
          ["args"]=>
          array(1) {
            ["id"]=>
            array(2) {
              ["type"]=>
              string(6) "String"
              ["description"]=>
              string(21) "The id of the Project"
            }
          }
          ["resolve"]=>
          string(40) "@=resolver('project_user', [args['id']])"
        }
        ["crawls_user_project"]=>
        array(3) {
          ["type"]=>
          string(12) "[CrawlTask]!"
          ["args"]=>
          array(1) {
            ["id"]=>
            array(2) {
              ["type"]=>
              string(6) "String"
              ["description"]=>
              string(21) "The id of the project"
            }
          }
          ["resolve"]=>
          string(47) "@=resolver('crawls_user_project', [args['id']])"
        }
        ["crawl_user_project"]=>
        array(3) {
          ["type"]=>
          string(12) "[CrawlTask]!"
          ["args"]=>
          array(1) {
            ["id"]=>
            array(2) {
              ["type"]=>
              string(6) "String"
              ["description"]=>
              string(19) "The id of the crawl"
            }
          }
          ["resolve"]=>
          string(46) "@=resolver('crawl_user_project', [args['id']])"
        }
        ["crawl_summary"]=>
        array(3) {
          ["type"]=>
          string(16) "CrawlTaskSummary"
          ["args"]=>
          array(1) {
            ["id"]=>
            array(2) {
              ["type"]=>
              string(6) "String"
              ["description"]=>
              string(24) "The id of the crawl task"
            }
          }
          ["resolve"]=>
          string(41) "@=resolver('crawl_summary', [args['id']])"
        }
        ["locations"]=>
        array(2) {
          ["type"]=>
          string(12) "[Location!]!"
          ["resolve"]=>
          string(39) "@=resolver('location_resolver_get_all')"
        }
      }
    }
  }
}
array(1) {
  ["Mutation"]=>
  array(2) {
    ["type"]=>
    string(6) "object"
    ["config"]=>
    array(1) {
      ["fields"]=>
      array(4) {
        ["userLogin"]=>
        array(2) {
          ["builder"]=>
          string(15) "Relay::Mutation"
          ["builderConfig"]=>
          array(3) {
            ["inputType"]=>
            string(14) "UserLoginInput"
            ["payloadType"]=>
            string(16) "AuthTokenPayload"
            ["mutateAndGetPayload"]=>
            string(73) "@=mutation('user_mutation_login', [value['username'], value['password']])"
          }
        }
        ["userRegister"]=>
        array(2) {
          ["builder"]=>
          string(15) "Relay::Mutation"
          ["builderConfig"]=>
          array(3) {
            ["inputType"]=>
            string(17) "UserRegisterInput"
            ["payloadType"]=>
            string(11) "UserPayload"
            ["mutateAndGetPayload"]=>
            string(140) "@=mutation('user_mutation_create', [value['username'], value['email'], value['password'], value['passwordConfirm'], value['termsAccepted']])"
          }
        }
        ["projectCreate"]=>
        array(2) {
          ["builder"]=>
          string(15) "Relay::Mutation"
          ["builderConfig"]=>
          array(3) {
            ["inputType"]=>
            string(18) "ProjectCreateInput"
            ["payloadType"]=>
            string(14) "ProjectPayload"
            ["mutateAndGetPayload"]=>
            string(90) "@=mutation('project_mutation_create', [value['name'], value['domain'], value['location']])"
          }
        }
        ["projectDelete"]=>
        array(2) {
          ["builder"]=>
          string(15) "Relay::Mutation"
          ["builderConfig"]=>
          array(3) {
            ["inputType"]=>
            string(18) "ProjectDeleteInput"
            ["payloadType"]=>
            string(13) "StatusPayload"
            ["mutateAndGetPayload"]=>
            string(52) "@=mutation('project_mutation_delete', [value['id']])"
          }
        }
      }
    }
  }
}
